#
# There is insufficient memory for the Java Runtime Environment to continue.
# Native memory allocation (mmap) failed to map 65536 bytes for Failed to commit area from 0x0000029baede0000 to 0x0000029baedf0000 of length 65536.
# Possible reasons:
#   The system is out of physical RAM or swap space
#   The process is running with CompressedOops enabled, and the Java Heap may be blocking the growth of the native heap
# Possible solutions:
#   Reduce memory load on the system
#   Increase physical memory or swap space
#   Check if swap backing store is full
#   Decrease Java heap size (-Xmx/-Xms)
#   Decrease number of Java threads
#   Decrease Java thread stack sizes (-Xss)
#   Set larger code cache with -XX:ReservedCodeCacheSize=
# This output file may be truncated or incomplete.
#
#  Out of Memory Error (src/hotspot/os/windows/os_windows.cpp:3627), pid=8952, tid=10872
#
# JRE version:  (11.0.15) (build )
# Java VM: OpenJDK 64-Bit Server VM (11.0.15+0-b2043.56-9505619, mixed mode, sharing, tiered, compressed oops, g1 gc, windows-amd64)
# No core dump will be written. Minidumps are not enabled by default on client versions of Windows
#

---------------  S U M M A R Y ------------

Command Line: git4idea.http.GitAskPassApp Username for 'https://github.com': 

Host: Intel(R) Core(TM) i5-3550 CPU @ 3.30GHz, 4 cores, 7G,  Windows 10 , 64 bit Build 18362 (10.0.18362.329)
Time: Wed Aug  9 20:02:26 2023 RTZ 2 (зима) elapsed time: 0.020183 seconds (0d 0h 0m 0s)

---------------  T H R E A D  ---------------

Current thread (0x0000029b99773000):  JavaThread "Unknown thread" [_thread_in_vm, id=10872, stack(0x000000dc1f100000,0x000000dc1f200000)]

Stack: [0x000000dc1f100000,0x000000dc1f200000]
Native frames: (J=compiled Java code, j=interpreted, Vv=VM code, C=native code)
V  [jvm.dll+0x64135a]
V  [jvm.dll+0x7d39f9]
V  [jvm.dll+0x7d51b9]
V  [jvm.dll+0x7d58a3]
V  [jvm.dll+0x2691c5]
V  [jvm.dll+0x63e4e9]
V  [jvm.dll+0x632985]
V  [jvm.dll+0x3231ac]
V  [jvm.dll+0x323032]
V  [jvm.dll+0x327d20]
V  [jvm.dll+0x36ffb5]
V  [jvm.dll+0x36fa01]
V  [jvm.dll+0x2fea28]
V  [jvm.dll+0x2ffb25]
V  [jvm.dll+0x7accd7]
V  [jvm.dll+0x7ae49f]
V  [jvm.dll+0x37d299]
V  [jvm.dll+0x78ef9f]
V  [jvm.dll+0x3ec847]
V  [jvm.dll+0x3eed31]
C  [jli.dll+0x52cb]
C  [ucrtbase.dll+0x20e72]
C  [KERNEL32.DLL+0x17bd4]
C  [ntdll.dll+0x6ced1]


---------------  P R O C E S S  ---------------

Threads class SMR info:
_java_thread_list=0x0000029b99663680, length=0, elements={
}

Java Threads: ( => current thread )

Other Threads:
  0x0000029b9978a800 GCTaskThread "GC Thread#0" [stack: 0x000000dc1f200000,0x000000dc1f300000] [id=8116]
  0x0000029b997bd800 ConcurrentGCThread "G1 Main Marker" [stack: 0x000000dc1f300000,0x000000dc1f400000] [id=6700]
  0x0000029b997be800 ConcurrentGCThread "G1 Conc#0" [stack: 0x000000dc1f400000,0x000000dc1f500000] [id=9728]

[error occurred during error reporting (printing all threads), id 0xc0000005, EXCEPTION_ACCESS_VIOLATION (0xc0000005) at pc=0x00007ffbc46cf3e7]

VM state:not at safepoint (not fully initialized)

VM Mutex/Monitor currently owned by a thread:  ([mutex/lock_event])
[0x0000029b99770370] Heap_lock - owner thread: 0x0000029b99773000

Heap address: 0x0000000080a00000, size: 2038 MB, Compressed Oops mode: Non-zero based: 0x0000000080a00000
Narrow klass base: 0x0000000000000000, Narrow klass shift: 0

GC Heap History (0 events):
No events

Deoptimization events (0 events):
No events

Classes redefined (0 events):
No events

Internal exceptions (0 events):
No events

Events (1 events):
Event: 0.007 Loaded shared library C:\Program Files\Android\Android Studio\jbr\bin\zip.dll


Dynamic libraries:
0x00007ff629340000 - 0x00007ff62934a000 	C:\Program Files\Android\Android Studio\jbr\bin\java.exe
0x00007ffbeb740000 - 0x00007ffbeb930000 	C:\Windows\SYSTEM32\ntdll.dll
0x00007ffbe9bb0000 - 0x00007ffbe9c62000 	C:\Windows\System32\KERNEL32.DLL
0x00007ffbe8970000 - 0x00007ffbe8c13000 	C:\Windows\System32\KERNELBASE.dll
0x00007ffbe8d70000 - 0x00007ffbe8e6a000 	C:\Windows\System32\ucrtbase.dll
0x00007ffbd22b0000 - 0x00007ffbd22c7000 	C:\Program Files\Android\Android Studio\jbr\bin\jli.dll
0x00007ffbea640000 - 0x00007ffbea7d4000 	C:\Windows\System32\USER32.dll
0x00007ffbe8750000 - 0x00007ffbe8771000 	C:\Windows\System32\win32u.dll
0x00007ffbe9f10000 - 0x00007ffbe9f36000 	C:\Windows\System32\GDI32.dll
0x00007ffbe95f0000 - 0x00007ffbe9784000 	C:\Windows\System32\gdi32full.dll
0x00007ffbe88b0000 - 0x00007ffbe894e000 	C:\Windows\System32\msvcp_win.dll
0x00007ffbd2290000 - 0x00007ffbd22ab000 	C:\Program Files\Android\Android Studio\jbr\bin\VCRUNTIME140.dll
0x00007ffbdbe00000 - 0x00007ffbdc085000 	C:\Windows\WinSxS\amd64_microsoft.windows.common-controls_6595b64144ccf1df_6.0.18362.418_none_e6c6b287130d565d\COMCTL32.dll
0x00007ffbea5a0000 - 0x00007ffbea63e000 	C:\Windows\System32\msvcrt.dll
0x00007ffbe9870000 - 0x00007ffbe9ba6000 	C:\Windows\System32\combase.dll
0x00007ffbea840000 - 0x00007ffbea960000 	C:\Windows\System32\RPCRT4.dll
0x00007ffbe8780000 - 0x00007ffbe8800000 	C:\Windows\System32\bcryptPrimitives.dll
0x00007ffbea570000 - 0x00007ffbea59e000 	C:\Windows\System32\IMM32.DLL
0x00007ffbd67b0000 - 0x00007ffbd67bc000 	C:\Program Files\Android\Android Studio\jbr\bin\vcruntime140_1.dll
0x00007ffbd2200000 - 0x00007ffbd228d000 	C:\Program Files\Android\Android Studio\jbr\bin\msvcp140.dll
0x00007ffbc43c0000 - 0x00007ffbc4f7c000 	C:\Program Files\Android\Android Studio\jbr\bin\server\jvm.dll
0x00007ffbeaae0000 - 0x00007ffbeab83000 	C:\Windows\System32\ADVAPI32.dll
0x00007ffbeac60000 - 0x00007ffbeacf7000 	C:\Windows\System32\sechost.dll
0x00007ffbead00000 - 0x00007ffbead08000 	C:\Windows\System32\PSAPI.DLL
0x00007ffbe6660000 - 0x00007ffbe6684000 	C:\Windows\SYSTEM32\WINMM.dll
0x00007ffbe1e30000 - 0x00007ffbe1e3a000 	C:\Windows\SYSTEM32\VERSION.dll
0x00007ffbe65e0000 - 0x00007ffbe660d000 	C:\Windows\SYSTEM32\WINMMBASE.dll
0x00007ffbe86d0000 - 0x00007ffbe871a000 	C:\Windows\System32\cfgmgr32.dll
0x00007ffbe07a0000 - 0x00007ffbe07a9000 	C:\Windows\SYSTEM32\WSOCK32.dll
0x00007ffbea030000 - 0x00007ffbea09f000 	C:\Windows\System32\WS2_32.dll
0x00007ffbe8620000 - 0x00007ffbe8631000 	C:\Windows\System32\kernel.appcore.dll
0x00007ffbe0550000 - 0x00007ffbe0560000 	C:\Program Files\Android\Android Studio\jbr\bin\verify.dll
0x00007ffbd9fb0000 - 0x00007ffbda1a4000 	C:\Windows\SYSTEM32\DBGHELP.DLL
0x00007ffbd9ea0000 - 0x00007ffbd9eca000 	C:\Windows\SYSTEM32\dbgcore.DLL
0x00007ffbdfd80000 - 0x00007ffbdfda8000 	C:\Program Files\Android\Android Studio\jbr\bin\java.dll
0x00007ffbe0540000 - 0x00007ffbe054a000 	C:\Program Files\Android\Android Studio\jbr\bin\jimage.dll
0x00007ffbe02e0000 - 0x00007ffbe02f8000 	C:\Program Files\Android\Android Studio\jbr\bin\zip.dll

dbghelp: loaded successfully - version: 4.0.5 - missing functions: none
symbol engine: initialized successfully - sym options: 0x614 - pdb path: .;C:\Program Files\Android\Android Studio\jbr\bin;C:\Windows\SYSTEM32;C:\Windows\WinSxS\amd64_microsoft.windows.common-controls_6595b64144ccf1df_6.0.18362.418_none_e6c6b287130d565d;C:\Program Files\Android\Android Studio\jbr\bin\server

VM Arguments:
java_command: git4idea.http.GitAskPassApp Username for 'https://github.com': 
java_class_path (initial): C:/Program Files/Android/Android Studio/plugins/git4idea/lib/git4idea-rt.jar;C:/Program Files/Android/Android Studio/lib/externalProcess-rt.jar;C:/Program Files/Android/Android Studio/lib/app.jar;C:/Program Files/Android/Android Studio/lib/3rd-party-rt.jar
Launcher Type: SUN_STANDARD

[Global flags]
     intx CICompilerCount                          = 3                                         {product} {ergonomic}
     uint ConcGCThreads                            = 1                                         {product} {ergonomic}
     uint G1ConcRefinementThreads                  = 4                                         {product} {ergonomic}
   size_t G1HeapRegionSize                         = 1048576                                   {product} {ergonomic}
    uintx GCDrainStackTargetSize                   = 64                                        {product} {ergonomic}
   size_t InitialHeapSize                          = 134217728                                 {product} {ergonomic}
   size_t MarkStackSize                            = 4194304                                   {product} {ergonomic}
   size_t MaxHeapSize                              = 2136997888                                {product} {ergonomic}
   size_t MinHeapDeltaBytes                        = 1048576                                   {product} {ergonomic}
    uintx NonNMethodCodeHeapSize                   = 5830732                                {pd product} {ergonomic}
    uintx NonProfiledCodeHeapSize                  = 122913754                              {pd product} {ergonomic}
    uintx ProfiledCodeHeapSize                     = 122913754                              {pd product} {ergonomic}
    uintx ReservedCodeCacheSize                    = 251658240                              {pd product} {ergonomic}
     bool SegmentedCodeCache                       = true                                      {product} {ergonomic}
     bool UseCompressedClassPointers               = true                                 {lp64_product} {ergonomic}
     bool UseCompressedOops                        = true                                 {lp64_product} {ergonomic}
     bool UseG1GC                                  = true                                      {product} {ergonomic}
     bool UseLargePagesIndividualAllocation        = false                                  {pd product} {ergonomic}

Logging:
Log output configuration:
 #0: stdout all=warning uptime,level,tags
 #1: stderr all=off uptime,level,tags

Environment Variables:
PATH=C:\Program Files\Git\mingw64\libexec\git-core;C:\Program Files\Git\mingw64\libexec\git-core;C:\Program Files\Git\mingw64\bin;C:\Program Files\Git\usr\bin;C:\Users\001\bin;C:\ProgramData\Oracle\Java\javapath;C:\Program Files\Common Files\Oracle\Java\javapath;C:\Windows\system32;C:\Windows;C:\Windows\System32\Wbem;C:\Windows\System32\WindowsPowerShell\v1.0;C:\Windows\System32\OpenSSH;C:\Program Files\Git\cmd;C:\Users\001\AppData\Local\Microsoft\WindowsApps
USERNAME=001
DISPLAY=:0.0
LC_ALL=en_US.UTF-8
OS=Windows_NT
PROCESSOR_IDENTIFIER=Intel64 Family 6 Model 58 Stepping 9, GenuineIntel



---------------  S Y S T E M  ---------------

OS: Windows 10 , 64 bit Build 18362 (10.0.18362.329)
OS uptime: 15 days 6:57 hours

CPU:total 4 (initial active 4) (4 cores per cpu, 1 threads per core) family 6 model 58 stepping 9 microcode 0x20, cmov, cx8, fxsr, mmx, sse, sse2, sse3, ssse3, sse4.1, sse4.2, popcnt, avx, aes, clmul, erms, tsc, tscinvbit, tscinv

Memory: 4k page, system-wide physical 8146M (507M free)
TotalPageFile size 32722M (AvailPageFile size 4M)
current process WorkingSet (physical memory assigned to process): 9M, peak: 9M
current process commit charge ("private bytes"): 181M, peak: 181M

vm_info: OpenJDK 64-Bit Server VM (11.0.15+0-b2043.56-9505619) for windows-amd64 JRE (11.0.15+0-b2043.56-9505619), built on Jan 19 2023 02:48:00 by "builduser" with unknown MS VC++:1929

END.
